 State 0:
          request_hdr ::= * method STRING protocol CRLF headers CRLF
          request_hdr ::= * CRLF method STRING protocol CRLF headers CRLF
          request_hdr ::= * method STRING protocol CRLF CRLF
          request_hdr ::= * CRLF method STRING protocol CRLF CRLF
          method ::= * STRING

                        STRING shift  27
                          CRLF shift  19
                        method shift  1
                   request_hdr accept

State 1:
          request_hdr ::= method * STRING protocol CRLF headers CRLF
          request_hdr ::= method * STRING protocol CRLF CRLF

                        STRING shift  2

State 2:
          request_hdr ::= method STRING * protocol CRLF headers CRLF
          request_hdr ::= method STRING * protocol CRLF CRLF
          protocol ::= * STRING

                        STRING shift  18
                      protocol shift  3

State 3:
          request_hdr ::= method STRING protocol * CRLF headers CRLF
          request_hdr ::= method STRING protocol * CRLF CRLF

                          CRLF shift  4

State 4:
          request_hdr ::= method STRING protocol CRLF * headers CRLF
          request_hdr ::= method STRING protocol CRLF * CRLF
          headers ::= * headers header
          headers ::= * header
          header ::= * STRING COLON multiline
          header ::= * STRING COLON CRLF

                        STRING shift  8
                          CRLF shift  16
                       headers shift  5
                        header shift  17

State 5:
          request_hdr ::= method STRING protocol CRLF headers * CRLF
          headers ::= headers * header
          header ::= * STRING COLON multiline
          header ::= * STRING COLON CRLF

                        STRING shift  8
                          CRLF shift  6
                        header shift  7

State 6:
      (0) request_hdr ::= method STRING protocol CRLF headers CRLF *

                             $ reduce 0

State 7:
      (6) headers ::= headers header *

                     {default} reduce 6

State 8:
          header ::= STRING * COLON multiline
          header ::= STRING * COLON CRLF

                         COLON shift  9

State 9:
          header ::= STRING COLON * multiline
          header ::= STRING COLON * CRLF
          multiline ::= * STRING CRLF TAB multiline
          multiline ::= * STRING CRLF

                        STRING shift  12
                          CRLF shift  11
                     multiline shift  10

State 10:
      (8) header ::= STRING COLON multiline *

                     {default} reduce 8

State 11:
      (9) header ::= STRING COLON CRLF *

                     {default} reduce 9

State 12:
          multiline ::= STRING * CRLF TAB multiline
          multiline ::= STRING * CRLF

                          CRLF shift  13

State 13:
          multiline ::= STRING CRLF * TAB multiline
     (11) multiline ::= STRING CRLF *

                           TAB shift  14
                     {default} reduce 11

State 14:
          multiline ::= * STRING CRLF TAB multiline
          multiline ::= STRING CRLF TAB * multiline
          multiline ::= * STRING CRLF

                        STRING shift  12
                     multiline shift  15

State 15:
     (10) multiline ::= STRING CRLF TAB multiline *

                     {default} reduce 10

State 16:
      (2) request_hdr ::= method STRING protocol CRLF CRLF *

                             $ reduce 2

State 17:
      (7) headers ::= header *

                     {default} reduce 7

State 18:
      (5) protocol ::= STRING *

                          CRLF reduce 5

State 19:
          request_hdr ::= CRLF * method STRING protocol CRLF headers CRLF
          request_hdr ::= CRLF * method STRING protocol CRLF CRLF
          method ::= * STRING

                        STRING shift  27
                        method shift  20

State 20:
          request_hdr ::= CRLF method * STRING protocol CRLF headers CRLF
          request_hdr ::= CRLF method * STRING protocol CRLF CRLF

                        STRING shift  21

State 21:
          request_hdr ::= CRLF method STRING * protocol CRLF headers CRLF
          request_hdr ::= CRLF method STRING * protocol CRLF CRLF
          protocol ::= * STRING

                        STRING shift  18
                      protocol shift  22

State 22:
          request_hdr ::= CRLF method STRING protocol * CRLF headers CRLF
          request_hdr ::= CRLF method STRING protocol * CRLF CRLF

                          CRLF shift  23

State 23:
          request_hdr ::= CRLF method STRING protocol CRLF * headers CRLF
          request_hdr ::= CRLF method STRING protocol CRLF * CRLF
          headers ::= * headers header
          headers ::= * header
          header ::= * STRING COLON multiline
          header ::= * STRING COLON CRLF

                        STRING shift  8
                          CRLF shift  26
                       headers shift  24
                        header shift  17

State 24:
          request_hdr ::= CRLF method STRING protocol CRLF headers * CRLF
          headers ::= headers * header
          header ::= * STRING COLON multiline
          header ::= * STRING COLON CRLF

                        STRING shift  8
                          CRLF shift  25
                        header shift  7

State 25:
      (1) request_hdr ::= CRLF method STRING protocol CRLF headers CRLF *

                             $ reduce 1

State 26:
      (3) request_hdr ::= CRLF method STRING protocol CRLF CRLF *

                             $ reduce 3

State 27:
      (4) method ::= STRING *

                        STRING reduce 4

