 State 0:
          range_hdr ::= * BYTES EQUAL ranges

                         BYTES shift  1
                     range_hdr accept

State 1:
          range_hdr ::= BYTES * EQUAL ranges

                         EQUAL shift  2

State 2:
          range_hdr ::= BYTES EQUAL * ranges
          ranges ::= * ranges COMMA range
          ranges ::= * range
          range ::= * num MINUS
          range ::= * num MINUS num
          range ::= * MINUS num
          num ::= * NUMBER

                         MINUS shift  10
                        NUMBER shift  9
                           num shift  6
                         range shift  12
                        ranges shift  3

State 3:
      (0) range_hdr ::= BYTES EQUAL ranges *
          ranges ::= ranges * COMMA range

                             $ reduce 0
                         COMMA shift  4

State 4:
          ranges ::= ranges COMMA * range
          range ::= * num MINUS
          range ::= * num MINUS num
          range ::= * MINUS num
          num ::= * NUMBER

                         MINUS shift  10
                        NUMBER shift  9
                           num shift  6
                         range shift  5

State 5:
      (1) ranges ::= ranges COMMA range *

                     {default} reduce 1

State 6:
          range ::= num * MINUS
          range ::= num * MINUS num

                         MINUS shift  7

State 7:
      (3) range ::= num MINUS *
          range ::= num MINUS * num
          num ::= * NUMBER

                        NUMBER shift  9
                           num shift  8
                     {default} reduce 3

State 8:
      (4) range ::= num MINUS num *

                     {default} reduce 4

State 9:
      (6) num ::= NUMBER *

                     {default} reduce 6

State 10:
          range ::= MINUS * num
          num ::= * NUMBER

                        NUMBER shift  9
                           num shift  11

State 11:
      (5) range ::= MINUS num *

                     {default} reduce 5

State 12:
      (2) ranges ::= range *

                     {default} reduce 2

